[GIN-debug] [WARNING] Creating an Engine instance with the Logger and Recovery middleware already attached.

[GIN-debug] [WARNING] Running in "debug" mode. Switch to "release" mode in production.
 - using env:	export GIN_MODE=release
 - using code:	gin.SetMode(gin.ReleaseMode)

[GIN-debug] GET    /static/*filepath         --> github.com/gin-gonic/gin.(*RouterGroup).createStaticHandler.func1 (6 handlers)
[GIN-debug] HEAD   /static/*filepath         --> github.com/gin-gonic/gin.(*RouterGroup).createStaticHandler.func1 (6 handlers)
[GIN-debug] Loaded HTML Templates (13): 
	- admin_login.html
	- footer.html
	- sidebar.html
	- messages.html
	- profile.html
	- success.html
	- tips.html
	- validate.html
	- 
	- admin_index.html
	- menu.html
	- welcometip.html
	- welcome.html

[GIN-debug] GET    /ping                     --> nable.gin/app.registerRouter.func1 (6 handlers)
[GIN-debug] GET    /                         --> nable.gin/app.registerRouter.func2 (6 handlers)
[GIN-debug] GET    /admin/login              --> nable.gin/app/controllers.(*LoginController).GetLogin-fm (6 handlers)
[GIN-debug] POST   /admin/login              --> nable.gin/app/controllers.(*LoginController).PostLogin-fm (6 handlers)
[GIN-debug] GET    /admin/login/captcha      --> nable.gin/app/controllers.(*LoginController).Captcha-fm (6 handlers)
[GIN-debug] GET    /admin/dash/index         --> nable.gin/app/controllers.(*AdminController).Index-fm (6 handlers)
[GIN-debug] GET    /admin/logout             --> nable.gin/app/controllers.(*AdminController).Logout-fm (6 handlers)
